# JRE version: Java(TM) SE Runtime Environment (8.0_60-b27) (build 1.8.0_60-b27)
# Java VM: Java HotSpot(TM) 64-Bit Server VM (25.60-b23 mixed mode linux-amd64 compressed oops)
Heap:
 PSYoungGen      total 205824K, used 45024K [0x00000000eab00000, 0x00000000fb980000, 0x0000000100000000)
  eden space 160768K, 0% used [0x00000000eab00000,0x00000000eab00000,0x00000000f4800000)
  from space 45056K, 99% used [0x00000000f4800000,0x00000000f73f8168,0x00000000f7400000)
  to   space 35840K, 0% used [0x00000000f7400000,0x00000000f7400000,0x00000000f9700000)
 ParOldGen       total 115712K, used 115149K [0x00000000c0000000, 0x00000000c7100000, 0x00000000eab00000)
  object space 115712K, 99% used [0x00000000c0000000,0x00000000c70734a8,0x00000000c7100000)
 Metaspace       used 6041K, capacity 7152K, committed 7296K, reserved 1056768K
  class space    used 570K, capacity 616K, committed 640K, reserved 1048576K
GC Heap History (10 events):
Event: 10.793 GC heap after
Heap after GC invocations=10 (full 1):
 PSYoungGen      total 138752K, used 7643K [0x00000000eab00000, 0x00000000f9600000, 0x0000000100000000)
  eden space 120832K, 0% used [0x00000000eab00000,0x00000000eab00000,0x00000000f2100000)
  from space 17920K, 42% used [0x00000000f2100000,0x00000000f2876d70,0x00000000f3280000)
  to   space 23552K, 0% used [0x00000000f7f00000,0x00000000f7f00000,0x00000000f9600000)
 ParOldGen       total 77312K, used 42163K [0x00000000c0000000, 0x00000000c4b80000, 0x00000000eab00000)
  object space 77312K, 54% used [0x00000000c0000000,0x00000000c292cd60,0x00000000c4b80000)
 Metaspace       used 6026K, capacity 7152K, committed 7296K, reserved 1056768K
  class space    used 570K, capacity 616K, committed 640K, reserved 1048576K
}
Event: 11.437 GC heap before
{Heap before GC invocations=11 (full 1):
 PSYoungGen      total 138752K, used 128475K [0x00000000eab00000, 0x00000000f9600000, 0x0000000100000000)
  eden space 120832K, 100% used [0x00000000eab00000,0x00000000f2100000,0x00000000f2100000)
  from space 17920K, 42% used [0x00000000f2100000,0x00000000f2876d70,0x00000000f3280000)
  to   space 23552K, 0% used [0x00000000f7f00000,0x00000000f7f00000,0x00000000f9600000)
 ParOldGen       total 77312K, used 42163K [0x00000000c0000000, 0x00000000c4b80000, 0x00000000eab00000)
  object space 77312K, 54% used [0x00000000c0000000,0x00000000c292cd60,0x00000000c4b80000)
 Metaspace       used 6027K, capacity 7152K, committed 7296K, reserved 1056768K
  class space    used 570K, capacity 616K, committed 640K, reserved 1048576K
Event: 11.563 GC heap after
Heap after GC invocations=11 (full 1):
 PSYoungGen      total 174592K, used 23545K [0x00000000eab00000, 0x00000000f9600000, 0x0000000100000000)
  eden space 151040K, 0% used [0x00000000eab00000,0x00000000eab00000,0x00000000f3e80000)
  from space 23552K, 99% used [0x00000000f7f00000,0x00000000f95fe640,0x00000000f9600000)
  to   space 37376K, 0% used [0x00000000f4d00000,0x00000000f4d00000,0x00000000f7180000)
 ParOldGen       total 77312K, used 69896K [0x00000000c0000000, 0x00000000c4b80000, 0x00000000eab00000)
  object space 77312K, 90% used [0x00000000c0000000,0x00000000c4442018,0x00000000c4b80000)
 Metaspace       used 6027K, capacity 7152K, committed 7296K, reserved 1056768K
  class space    used 570K, capacity 616K, committed 640K, reserved 1048576K
}
Event: 11.563 GC heap before
{Heap before GC invocations=12 (full 2):
 PSYoungGen      total 174592K, used 23545K [0x00000000eab00000, 0x00000000f9600000, 0x0000000100000000)
  eden space 151040K, 0% used [0x00000000eab00000,0x00000000eab00000,0x00000000f3e80000)
  from space 23552K, 99% used [0x00000000f7f00000,0x00000000f95fe640,0x00000000f9600000)
  to   space 37376K, 0% used [0x00000000f4d00000,0x00000000f4d00000,0x00000000f7180000)
 ParOldGen       total 77312K, used 69896K [0x00000000c0000000, 0x00000000c4b80000, 0x00000000eab00000)
  object space 77312K, 90% used [0x00000000c0000000,0x00000000c4442018,0x00000000c4b80000)
 Metaspace       used 6027K, capacity 7152K, committed 7296K, reserved 1056768K
  class space    used 570K, capacity 616K, committed 640K, reserved 1048576K
Event: 11.933 GC heap after
Heap after GC invocations=12 (full 2):
 PSYoungGen      total 174592K, used 0K [0x00000000eab00000, 0x00000000f9600000, 0x0000000100000000)
  eden space 151040K, 0% used [0x00000000eab00000,0x00000000eab00000,0x00000000f3e80000)
  from space 23552K, 0% used [0x00000000f7f00000,0x00000000f7f00000,0x00000000f9600000)
  to   space 37376K, 0% used [0x00000000f4d00000,0x00000000f4d00000,0x00000000f7180000)
 ParOldGen       total 114688K, used 51234K [0x00000000c0000000, 0x00000000c7000000, 0x00000000eab00000)
  object space 114688K, 44% used [0x00000000c0000000,0x00000000c3208a60,0x00000000c7000000)
 Metaspace       used 6027K, capacity 7152K, committed 7296K, reserved 1056768K
  class space    used 570K, capacity 616K, committed 640K, reserved 1048576K
}
Event: 13.917 GC heap before
{Heap before GC invocations=13 (full 2):
 PSYoungGen      total 174592K, used 151040K [0x00000000eab00000, 0x00000000f9600000, 0x0000000100000000)
  eden space 151040K, 100% used [0x00000000eab00000,0x00000000f3e80000,0x00000000f3e80000)
  from space 23552K, 0% used [0x00000000f7f00000,0x00000000f7f00000,0x00000000f9600000)
  to   space 37376K, 0% used [0x00000000f4d00000,0x00000000f4d00000,0x00000000f7180000)
 ParOldGen       total 114688K, used 51234K [0x00000000c0000000, 0x00000000c7000000, 0x00000000eab00000)
  object space 114688K, 44% used [0x00000000c0000000,0x00000000c3208a60,0x00000000c7000000)
 Metaspace       used 6031K, capacity 7152K, committed 7296K, reserved 1056768K
  class space    used 570K, capacity 616K, committed 640K, reserved 1048576K
Event: 13.988 GC heap after
Heap after GC invocations=13 (full 2):
 PSYoungGen      total 203264K, used 11535K [0x00000000eab00000, 0x00000000f9700000, 0x0000000100000000)
  eden space 165888K, 0% used [0x00000000eab00000,0x00000000eab00000,0x00000000f4d00000)
  from space 37376K, 30% used [0x00000000f4d00000,0x00000000f5843e20,0x00000000f7180000)
  to   space 35840K, 0% used [0x00000000f7400000,0x00000000f7400000,0x00000000f9700000)
 ParOldGen       total 114688K, used 51234K [0x00000000c0000000, 0x00000000c7000000, 0x00000000eab00000)
  object space 114688K, 44% used [0x00000000c0000000,0x00000000c3208a60,0x00000000c7000000)
 Metaspace       used 6031K, capacity 7152K, committed 7296K, reserved 1056768K
  class space    used 570K, capacity 616K, committed 640K, reserved 1048576K
}
Event: 16.628 GC heap before
{Heap before GC invocations=14 (full 2):
 PSYoungGen      total 203264K, used 177423K [0x00000000eab00000, 0x00000000f9700000, 0x0000000100000000)
  eden space 165888K, 100% used [0x00000000eab00000,0x00000000f4d00000,0x00000000f4d00000)
  from space 37376K, 30% used [0x00000000f4d00000,0x00000000f5843e20,0x00000000f7180000)
  to   space 35840K, 0% used [0x00000000f7400000,0x00000000f7400000,0x00000000f9700000)
 ParOldGen       total 114688K, used 51234K [0x00000000c0000000, 0x00000000c7000000, 0x00000000eab00000)
  object space 114688K, 44% used [0x00000000c0000000,0x00000000c3208a60,0x00000000c7000000)
 Metaspace       used 6041K, capacity 7152K, committed 7296K, reserved 1056768K
  class space    used 570K, capacity 616K, committed 640K, reserved 1048576K
Event: 16.769 GC heap after
Heap after GC invocations=14 (full 2):
 PSYoungGen      total 196608K, used 35811K [0x00000000eab00000, 0x00000000fb980000, 0x0000000100000000)
  eden space 160768K, 0% used [0x00000000eab00000,0x00000000eab00000,0x00000000f4800000)
  from space 35840K, 99% used [0x00000000f7400000,0x00000000f96f8fb8,0x00000000f9700000)
  to   space 45056K, 0% used [0x00000000f4800000,0x00000000f4800000,0x00000000f7400000)
 ParOldGen       total 114688K, used 60194K [0x00000000c0000000, 0x00000000c7000000, 0x00000000eab00000)
  object space 114688K, 52% used [0x00000000c0000000,0x00000000c3ac89f0,0x00000000c7000000)
 Metaspace       used 6041K, capacity 7152K, committed 7296K, reserved 1056768K
  class space    used 570K, capacity 616K, committed 640K, reserved 1048576K
}
Event: 18.122 GC heap before
{Heap before GC invocations=15 (full 2):
 PSYoungGen      total 196608K, used 196579K [0x00000000eab00000, 0x00000000fb980000, 0x0000000100000000)
  eden space 160768K, 100% used [0x00000000eab00000,0x00000000f4800000,0x00000000f4800000)
  from space 35840K, 99% used [0x00000000f7400000,0x00000000f96f8fb8,0x00000000f9700000)
  to   space 45056K, 0% used [0x00000000f4800000,0x00000000f4800000,0x00000000f7400000)
 ParOldGen       total 114688K, used 60194K [0x00000000c0000000, 0x00000000c7000000, 0x00000000eab00000)
  object space 114688K, 52% used [0x00000000c0000000,0x00000000c3ac89f0,0x00000000c7000000)
 Metaspace       used 6041K, capacity 7152K, committed 7296K, reserved 1056768K
  class space    used 570K, capacity 616K, committed 640K, reserved 1048576K

